<?xml version="1.0" encoding="UTF-8"?>
<!-- Generated by org.testng.reporters.JUnitXMLReporter -->
<testsuite ignored="0" hostname="DESKTOP-DMC4F8D" failures="0" tests="4" name="Default test" time="27.596" errors="0" timestamp="2023-06-27T10:55:35 MESZ">
  <testcase classname="api.test.UserTests2" name="testPostUser" time="15.659"/>
  <testcase classname="api.test.UserTests2" name="testGetUserByName" time="1.082"/>
  <testcase classname="api.test.UserTests2" name="testUpdateUserByName" time="1.881"/>
  <testcase classname="api.test.UserTests2" name="testDeleteUserByName" time="0.816"/>
</testsuite> <!-- Default test -->
