<?xml version="1.0" encoding="UTF-8"?>
<testng-results ignored="0" total="4" passed="4" failed="0" skipped="0">
  <reporter-output>
  </reporter-output>
  <suite started-at="2023-06-27T11:14:17 MESZ" name="PetSuite" finished-at="2023-06-27T11:15:01 MESZ" duration-ms="44127">
    <groups>
    </groups>
    <test started-at="2023-06-27T11:14:17 MESZ" name="PetTest" finished-at="2023-06-27T11:15:01 MESZ" duration-ms="44127">
      <class name="api.test.UserTests2">
        <test-method is-config="true" signature="setup()[pri:0, instance:api.test.UserTests2@1e0b4072]" started-at="2023-06-27T11:14:21 MESZ" name="setup" finished-at="2023-06-27T11:14:32 MESZ" duration-ms="10882" status="PASS">
          <reporter-output>
          </reporter-output>
        </test-method> <!-- setup -->
        <test-method signature="testPostUser()[pri:1, instance:api.test.UserTests2@1e0b4072]" started-at="2023-06-27T11:14:32 MESZ" name="testPostUser" finished-at="2023-06-27T11:14:56 MESZ" duration-ms="23798" status="PASS">
          <reporter-output>
          </reporter-output>
        </test-method> <!-- testPostUser -->
        <test-method signature="testGetUserByName()[pri:2, instance:api.test.UserTests2@1e0b4072]" started-at="2023-06-27T11:14:57 MESZ" name="testGetUserByName" finished-at="2023-06-27T11:14:58 MESZ" duration-ms="1475" status="PASS">
          <reporter-output>
          </reporter-output>
        </test-method> <!-- testGetUserByName -->
        <test-method signature="testUpdateUserByName()[pri:3, instance:api.test.UserTests2@1e0b4072]" started-at="2023-06-27T11:14:58 MESZ" name="testUpdateUserByName" finished-at="2023-06-27T11:15:00 MESZ" duration-ms="2118" status="PASS">
          <reporter-output>
          </reporter-output>
        </test-method> <!-- testUpdateUserByName -->
        <test-method signature="testDeleteUserByName()[pri:4, instance:api.test.UserTests2@1e0b4072]" started-at="2023-06-27T11:15:00 MESZ" name="testDeleteUserByName" finished-at="2023-06-27T11:15:01 MESZ" duration-ms="809" status="PASS">
          <reporter-output>
          </reporter-output>
        </test-method> <!-- testDeleteUserByName -->
      </class> <!-- api.test.UserTests2 -->
    </test> <!-- PetTest -->
  </suite> <!-- PetSuite -->
</testng-results>
