<?xml version="1.0" encoding="UTF-8"?>
<!-- Generated by org.testng.reporters.JUnitXMLReporter -->
<testsuite ignored="0" hostname="DESKTOP-DMC4F8D" failures="0" tests="4" name="PetTest" time="44.127" errors="0" timestamp="2023-06-27T11:15:05 MESZ">
  <testcase classname="api.test.UserTests2" name="testPostUser" time="23.798"/>
  <testcase classname="api.test.UserTests2" name="testGetUserByName" time="1.475"/>
  <testcase classname="api.test.UserTests2" name="testUpdateUserByName" time="2.118"/>
  <testcase classname="api.test.UserTests2" name="testDeleteUserByName" time="0.809"/>
</testsuite> <!-- PetTest -->
