<?xml version="1.0" encoding="UTF-8"?>
<!-- Generated by org.testng.reporters.JUnitXMLReporter -->
<testsuite ignored="0" hostname="DESKTOP-DMC4F8D" failures="0" tests="4" name="PetTest" time="43.615" errors="0" timestamp="2023-06-27T00:59:23 MESZ">
  <testcase classname="api.test.UserTests2" name="testPostUser" time="21.723"/>
  <testcase classname="api.test.UserTests2" name="testGetUserByName" time="1.023"/>
  <testcase classname="api.test.UserTests2" name="testUpdateUserByName" time="2.076"/>
  <testcase classname="api.test.UserTests2" name="testDeleteUserByName" time="0.844"/>
</testsuite> <!-- PetTest -->
